<?xml version="1.0" encoding="UTF-8"?>
<!-- Generated by org.testng.reporters.JUnitReportReporter -->
<testsuite hostname="LyDT-Phoenix" failures="0" tests="1" name="ProjectEnas.DemoDrapDrop" time="6.271" errors="0" timestamp="22 Dec 2023 15:01:09 GMT" skipped="0">
  <testcase classname="ProjectEnas.DemoDrapDrop" name="Demo_Drap_Drop" time="6.271"/>
</testsuite> <!-- ProjectEnas.DemoDrapDrop -->
