<?xml version="1.0" encoding="UTF-8"?>
<!-- Generated by org.testng.reporters.JUnitReportReporter -->
<testsuite hostname="LyDT-Phoenix" failures="0" tests="7" name="ProjectEnas.UserLogin" time="12.608" errors="0" timestamp="22 Dec 2023 10:58:20 GMT" skipped="0">
  <testcase classname="ProjectEnas.UserLogin" name="CA000_07_Login_Success" time="6.314"/>
  <testcase classname="ProjectEnas.UserLogin" name="CA000_05_Email_InValid" time="1.810"/>
  <testcase classname="ProjectEnas.UserLogin" name="CA000_01_CheckUI" time="0.331"/>
  <testcase classname="ProjectEnas.UserLogin" name="CA000_02_Check_TextLink" time="2.227"/>
  <testcase classname="ProjectEnas.UserLogin" name="CA000_03_Email_Blank" time="0.352"/>
  <testcase classname="ProjectEnas.UserLogin" name="CA000_06_Password_InValid" time="0.854"/>
  <testcase classname="ProjectEnas.UserLogin" name="CA000_04_Password_Blank" time="0.720"/>
</testsuite> <!-- ProjectEnas.UserLogin -->
