<?xml version="1.0" encoding="UTF-8"?>
<!-- Generated by org.testng.reporters.JUnitReportReporter -->
<testsuite hostname="LyDT-Phoenix" failures="0" tests="1" name="ProjectEnas.CF203_First_Last_Name" time="8.452" errors="0" timestamp="26 Dec 2023 03:18:11 GMT" skipped="0">
  <testcase classname="ProjectEnas.CF203_First_Last_Name" name="TC01a_Check_UI_Menu" time="8.452"/>
</testsuite> <!-- ProjectEnas.CF203_First_Last_Name -->
