<?xml version="1.0" encoding="UTF-8"?>
<!-- Generated by org.testng.reporters.JUnitReportReporter -->
<testsuite hostname="LyDT-Phoenix" failures="0" tests="6" name="ProjectEnas.CF210" time="27.623" errors="0" timestamp="25 Dec 2023 08:09:03 GMT" skipped="0">
  <testcase classname="ProjectEnas.CF210" name="TC02_Click_On_Switch_Required" time="5.436"/>
  <testcase classname="ProjectEnas.CF210" name="TC_05_Check_change_value_General_Explanation" time="4.038"/>
  <testcase classname="ProjectEnas.CF210" name="TC_06_Check_change_value_Additional_Explanation" time="3.931"/>
  <testcase classname="ProjectEnas.CF210" name="TC_03_Check_change_value_Title_Component" time="4.340"/>
  <testcase classname="ProjectEnas.CF210" name="TC_04_Check_change_value_Sample_Explanation" time="2.220"/>
  <testcase classname="ProjectEnas.CF210" name="TC01_Demo_Drap_Drop" time="7.658"/>
</testsuite> <!-- ProjectEnas.CF210 -->
