<?xml version="1.0" encoding="UTF-8"?>
<!-- Generated by org.testng.reporters.JUnitReportReporter -->
<testsuite hostname="LyDT-Phoenix" failures="0" tests="13" name="ProjectEnas.UserRestPW" time="51.075" errors="0" timestamp="22 Dec 2023 10:58:20 GMT" skipped="0">
  <testcase classname="ProjectEnas.UserRestPW" name="CA_302_06_ConfirmPW_No_Duplicate" time="0.279"/>
  <testcase classname="ProjectEnas.UserRestPW" name="CA302_03_PW_BLANK" time="0.176"/>
  <testcase classname="ProjectEnas.UserRestPW" name="CA_302_05_PW_Wrong" time="0.766"/>
  <testcase classname="ProjectEnas.UserRestPW" name="CA300_03_Email_Wrong_Format" time="0.903"/>
  <testcase classname="ProjectEnas.UserRestPW" name="CA300_02_Email_Blank" time="0.096"/>
  <testcase classname="ProjectEnas.UserRestPW" name="CA302_01_Check_Mail" time="26.796"/>
  <testcase classname="ProjectEnas.UserRestPW" name="CA_302_04_PW_Less_8_32" time="0.281"/>
  <testcase classname="ProjectEnas.UserRestPW" name="CA300_05_Email_Success" time="10.305"/>
  <testcase classname="ProjectEnas.UserRestPW" name="CA300_04_Email_Invalid" time="0.305"/>
  <testcase classname="ProjectEnas.UserRestPW" name="CA302_02_Check_UI" time="0.468"/>
  <testcase classname="ProjectEnas.UserRestPW" name="CA300_01_Check_UI" time="0.860"/>
  <testcase classname="ProjectEnas.UserRestPW" name="CA_302_07_Rest_PW_Success" time="2.793"/>
  <testcase classname="ProjectEnas.UserRestPW" name="CA_302_08_Login_NewPW" time="7.047"/>
</testsuite> <!-- ProjectEnas.UserRestPW -->
