<?xml version="1.0" encoding="UTF-8"?>
<!-- Generated by org.testng.reporters.JUnitReportReporter -->
<testsuite hostname="LyDT-Phoenix" failures="0" tests="5" name="ProjectEnas.CF301" time="25.473" errors="0" timestamp="25 Dec 2023 08:09:03 GMT" skipped="0">
  <testcase classname="ProjectEnas.CF301" name="TC_04_Check_change_value_General_Explanation" time="4.074"/>
  <testcase classname="ProjectEnas.CF301" name="TC01_Demo_Drap_Drop" time="7.581"/>
  <testcase classname="ProjectEnas.CF301" name="TC_05_Check_change_value_Additional_Explanation" time="3.904"/>
  <testcase classname="ProjectEnas.CF301" name="TC02_Click_On_Switch_Required" time="5.350"/>
  <testcase classname="ProjectEnas.CF301" name="TC_03_Check_change_value_Title_Component" time="4.564"/>
</testsuite> <!-- ProjectEnas.CF301 -->
