<?xml version="1.0" encoding="UTF-8"?>
<!-- Generated by org.testng.reporters.JUnitReportReporter -->
<testsuite hostname="LyDT-Phoenix" failures="0" tests="5" name="ProjectEnas.DemoDrapDrop" time="14.573" errors="0" timestamp="25 Dec 2023 02:41:31 GMT" skipped="0">
  <testcase classname="ProjectEnas.DemoDrapDrop" name="TC_04_Check_change_value_General_Explanation" time="0.539"/>
  <testcase classname="ProjectEnas.DemoDrapDrop" name="TC01_Demo_Drap_Drop" time="7.313"/>
  <testcase classname="ProjectEnas.DemoDrapDrop" name="TC02_Click_On_Switch_Required" time="5.425"/>
  <testcase classname="ProjectEnas.DemoDrapDrop" name="TC_05_Check_change_value_Additional_Explanation" time="0.722"/>
  <testcase classname="ProjectEnas.DemoDrapDrop" name="TC_03_Check_change_value_Title_Component" time="0.574"/>
</testsuite> <!-- ProjectEnas.DemoDrapDrop -->
