<?xml version="1.0" encoding="UTF-8"?>
<!-- Generated by org.testng.reporters.JUnitReportReporter -->
<testsuite hostname="LyDT-Phoenix" failures="0" tests="1" name="ProjectEnas.HomePage" time="0.670" errors="0" timestamp="09 Dec 2023 08:03:57 GMT" skipped="0">
  <testcase classname="ProjectEnas.HomePage" name="HomePage_01_CheckUI" time="0.670"/>
</testsuite> <!-- ProjectEnas.HomePage -->
